<?xml version="1.0" encoding="UTF-8"?>
<!-- Generated by org.testng.reporters.JUnitXMLReporter -->
<testsuite hostname="s-PC" ignored="0" name="Flight Search Test" tests="1" failures="1" timestamp="03 Feb 2020 08:18:51 GMT" time="69.715" errors="0">
  <testcase name="flightSearchTest" time="69.363" classname="com.sanqa.testcases.FlightSearchTest">
    <failure type="java.lang.AssertionError" message="expected [6] but found [5]">
      <![CDATA[java.lang.AssertionError: expected [6] but found [5]
	at com.sanqa.errorcollectors.Errorcollector.assertEquals(Errorcollector.java:37)
	at com.sanqa.errorcollectors.Errorcollector.verifyEquals(Errorcollector.java:101)
	at com.sanqa.testcases.FlightSearchTest.flightSearchTest(FlightSearchTest.java:24)
... Removed 30 stack frames]]>
    </failure>
  </testcase> <!-- flightSearchTest -->
</testsuite> <!-- Flight Search Test -->
